  [1m[36m (44.7ms)[0m  [1mCREATE TABLE "schema_migrations" ("version" varchar NOT NULL) [0m
  [1m[35m (0.1ms)[0m  select sqlite_version(*)
  [1m[36m (21.3ms)[0m  [1mCREATE UNIQUE INDEX "unique_schema_migrations" ON "schema_migrations" ("version")[0m
  [1m[35mActiveRecord::SchemaMigration Load (0.6ms)[0m  SELECT "schema_migrations".* FROM "schema_migrations"
Migrating to CreateMovies (20111119180638)
  [1m[36m (0.1ms)[0m  [1mbegin transaction[0m
DEPRECATION WARNING: `#timestamps` was called without specifying an option for `null`. In Rails 5, this behavior will change to `null: false`. You should manually specify `null: true` to prevent the behavior of your existing migrations from changing. (called from block in up at /home/jaime/Documentos/ExamenSustitutorioCC3S2/Actividad-ES/db/migrate/20111119180638_create_movies.rb:10)
  [1m[35m (9.2ms)[0m  CREATE TABLE "movies" ("id" INTEGER PRIMARY KEY AUTOINCREMENT NOT NULL, "title" varchar, "rating" varchar, "description" text, "release_date" datetime, "created_at" datetime, "updated_at" datetime) 
  [1m[36mSQL (0.4ms)[0m  [1mINSERT INTO "schema_migrations" ("version") VALUES (?)[0m  [["version", "20111119180638"]]
  [1m[35m (11.1ms)[0m  commit transaction
  [1m[36mActiveRecord::SchemaMigration Load (0.4ms)[0m  [1mSELECT "schema_migrations".* FROM "schema_migrations"[0m
  [1m[36mActiveRecord::SchemaMigration Load (0.1ms)[0m  [1mSELECT "schema_migrations".* FROM "schema_migrations"[0m
  [1m[35m (0.1ms)[0m  begin transaction
  [1m[36mSQL (0.4ms)[0m  [1mINSERT INTO "movies" ("title", "rating", "release_date", "created_at", "updated_at") VALUES (?, ?, ?, ?, ?)[0m  [["title", "Aladdin"], ["rating", "G"], ["release_date", "1992-11-25 00:00:00.000000"], ["created_at", "2023-12-27 12:45:50.429841"], ["updated_at", "2023-12-27 12:45:50.429841"]]
  [1m[35m (7.2ms)[0m  commit transaction
  [1m[36m (0.1ms)[0m  [1mbegin transaction[0m
  [1m[35mSQL (0.3ms)[0m  INSERT INTO "movies" ("title", "rating", "release_date", "created_at", "updated_at") VALUES (?, ?, ?, ?, ?)  [["title", "The Terminator"], ["rating", "R"], ["release_date", "1984-10-26 00:00:00.000000"], ["created_at", "2023-12-27 12:45:50.441202"], ["updated_at", "2023-12-27 12:45:50.441202"]]
  [1m[36m (11.9ms)[0m  [1mcommit transaction[0m
  [1m[35m (0.1ms)[0m  begin transaction
  [1m[36mSQL (0.5ms)[0m  [1mINSERT INTO "movies" ("title", "rating", "release_date", "created_at", "updated_at") VALUES (?, ?, ?, ?, ?)[0m  [["title", "When Harry Met Sally"], ["rating", "R"], ["release_date", "1989-07-21 00:00:00.000000"], ["created_at", "2023-12-27 12:45:50.456470"], ["updated_at", "2023-12-27 12:45:50.456470"]]
  [1m[35m (10.6ms)[0m  commit transaction
  [1m[36m (0.1ms)[0m  [1mbegin transaction[0m
  [1m[35mSQL (0.3ms)[0m  INSERT INTO "movies" ("title", "rating", "release_date", "created_at", "updated_at") VALUES (?, ?, ?, ?, ?)  [["title", "The Help"], ["rating", "PG-13"], ["release_date", "2011-08-10 00:00:00.000000"], ["created_at", "2023-12-27 12:45:50.470058"], ["updated_at", "2023-12-27 12:45:50.470058"]]
  [1m[36m (9.7ms)[0m  [1mcommit transaction[0m
  [1m[35m (0.1ms)[0m  begin transaction
  [1m[36mSQL (0.3ms)[0m  [1mINSERT INTO "movies" ("title", "rating", "release_date", "created_at", "updated_at") VALUES (?, ?, ?, ?, ?)[0m  [["title", "Chocolat"], ["rating", "PG-13"], ["release_date", "2001-01-05 00:00:00.000000"], ["created_at", "2023-12-27 12:45:50.482298"], ["updated_at", "2023-12-27 12:45:50.482298"]]
  [1m[35m (8.2ms)[0m  commit transaction
  [1m[36m (0.1ms)[0m  [1mbegin transaction[0m
  [1m[35mSQL (0.3ms)[0m  INSERT INTO "movies" ("title", "rating", "release_date", "created_at", "updated_at") VALUES (?, ?, ?, ?, ?)  [["title", "Amelie"], ["rating", "R"], ["release_date", "2001-04-25 00:00:00.000000"], ["created_at", "2023-12-27 12:45:50.493142"], ["updated_at", "2023-12-27 12:45:50.493142"]]
  [1m[36m (8.4ms)[0m  [1mcommit transaction[0m
  [1m[35m (0.1ms)[0m  begin transaction
  [1m[36mSQL (0.3ms)[0m  [1mINSERT INTO "movies" ("title", "rating", "release_date", "created_at", "updated_at") VALUES (?, ?, ?, ?, ?)[0m  [["title", "2001: A Space Odyssey"], ["rating", "G"], ["release_date", "1968-04-06 00:00:00.000000"], ["created_at", "2023-12-27 12:45:50.503720"], ["updated_at", "2023-12-27 12:45:50.503720"]]
  [1m[35m (8.7ms)[0m  commit transaction
  [1m[36m (0.1ms)[0m  [1mbegin transaction[0m
  [1m[35mSQL (0.6ms)[0m  INSERT INTO "movies" ("title", "rating", "release_date", "created_at", "updated_at") VALUES (?, ?, ?, ?, ?)  [["title", "The Incredibles"], ["rating", "PG"], ["release_date", "2004-11-05 00:00:00.000000"], ["created_at", "2023-12-27 12:45:50.514710"], ["updated_at", "2023-12-27 12:45:50.514710"]]
  [1m[36m (8.5ms)[0m  [1mcommit transaction[0m
  [1m[35m (0.1ms)[0m  begin transaction
  [1m[36mSQL (0.2ms)[0m  [1mINSERT INTO "movies" ("title", "rating", "release_date", "created_at", "updated_at") VALUES (?, ?, ?, ?, ?)[0m  [["title", "Raiders of the Lost Ark"], ["rating", "PG"], ["release_date", "1981-06-12 00:00:00.000000"], ["created_at", "2023-12-27 12:45:50.525652"], ["updated_at", "2023-12-27 12:45:50.525652"]]
  [1m[35m (6.8ms)[0m  commit transaction
  [1m[36m (0.1ms)[0m  [1mbegin transaction[0m
  [1m[35mSQL (0.5ms)[0m  INSERT INTO "movies" ("title", "rating", "release_date", "created_at", "updated_at") VALUES (?, ?, ?, ?, ?)  [["title", "Chicken Run"], ["rating", "G"], ["release_date", "2000-06-21 00:00:00.000000"], ["created_at", "2023-12-27 12:45:50.534516"], ["updated_at", "2023-12-27 12:45:50.534516"]]
  [1m[36m (9.2ms)[0m  [1mcommit transaction[0m


Started GET "/movies" for 127.0.0.1 at 2023-12-27 07:46:31 -0500
Processing by MoviesController#index as HTML
  [1m[36mMovie Load (2.3ms)[0m  [1mSELECT "movies".* FROM "movies"[0m
  Rendered movies/index.html.erb within layouts/application (32.3ms)
  Rendered layouts/_flash.erb (1.1ms)
Completed 200 OK in 879ms (Views: 833.8ms | ActiveRecord: 2.6ms)


Started GET "/assets/application.self-e80e8f2318043e8af94dddc2adad5a4f09739a8ebb323b3ab31cd71d45fd9113.css?body=1" for 127.0.0.1 at 2023-12-27 07:46:33 -0500


Started GET "/assets/jquery.self-660adc51e0224b731d29f575a6f1ec167ba08ad06ed5deca4f1e8654c135bf4c.js?body=1" for 127.0.0.1 at 2023-12-27 07:46:33 -0500


Started GET "/assets/jquery_ujs.self-e87806d0cf4489aeb1bb7288016024e8de67fd18db693fe026fe3907581e53cd.js?body=1" for 127.0.0.1 at 2023-12-27 07:46:33 -0500


Started GET "/assets/application.self-377610cd7c1509e934744c810e3b4cf672dfbcacac3274e7d039827e2ae0fcc7.js?body=1" for 127.0.0.1 at 2023-12-27 07:46:33 -0500
  [1m[36mMovie Load (4.8ms)[0m  [1mSELECT "movies".* FROM "movies"[0m
  [1m[35mMovie Load (0.2ms)[0m  SELECT  "movies".* FROM "movies"  ORDER BY "movies"."id" ASC LIMIT 1
  [1m[36mActiveRecord::SchemaMigration Load (0.3ms)[0m  [1mSELECT "schema_migrations".* FROM "schema_migrations"[0m
  [1m[35mActiveRecord::SchemaMigration Load (0.1ms)[0m  SELECT "schema_migrations".* FROM "schema_migrations"
  [1m[36mMovie Load (8.5ms)[0m  [1mSELECT  "movies".* FROM "movies"  ORDER BY "movies"."id" ASC LIMIT 1[0m
  [1m[36mActiveRecord::SchemaMigration Load (0.1ms)[0m  [1mSELECT "schema_migrations".* FROM "schema_migrations"[0m
  [1m[35mActiveRecord::SchemaMigration Load (0.1ms)[0m  SELECT "schema_migrations".* FROM "schema_migrations"
  [1m[36mMovie Load (0.1ms)[0m  [1mSELECT  "movies".* FROM "movies"  ORDER BY "movies"."id" ASC LIMIT 1[0m
  [1m[36mActiveRecord::SchemaMigration Load (0.2ms)[0m  [1mSELECT "schema_migrations".* FROM "schema_migrations"[0m
  [1m[35mActiveRecord::SchemaMigration Load (0.0ms)[0m  SELECT "schema_migrations".* FROM "schema_migrations"
  [1m[36mActiveRecord::SchemaMigration Load (0.5ms)[0m  [1mSELECT "schema_migrations".* FROM "schema_migrations"[0m
  [1m[35mActiveRecord::SchemaMigration Load (0.1ms)[0m  SELECT "schema_migrations".* FROM "schema_migrations"
  [1m[36mActiveRecord::SchemaMigration Load (0.2ms)[0m  [1mSELECT "schema_migrations".* FROM "schema_migrations"[0m
Migrating to AddColumn (20231227133045)
  [1m[36mActiveRecord::SchemaMigration Load (0.1ms)[0m  [1mSELECT "schema_migrations".* FROM "schema_migrations"[0m
Migrating to AddColumn (20231227133045)
  [1m[36mActiveRecord::SchemaMigration Load (0.2ms)[0m  [1mSELECT "schema_migrations".* FROM "schema_migrations"[0m
Migrating to AddColumn (20231227133045)
  [1m[35m (0.3ms)[0m  begin transaction
  [1m[36m (0.0ms)[0m  [1mrollback transaction[0m
  [1m[36mActiveRecord::SchemaMigration Load (0.0ms)[0m  [1mSELECT "schema_migrations".* FROM "schema_migrations"[0m
Migrating to AddColumn (20231227133045)
  [1m[35m (0.0ms)[0m  begin transaction
  [1m[36m (1.0ms)[0m  [1mALTER TABLE "movies" ADD "director" varchar[0m
  [1m[35mSQL (0.5ms)[0m  INSERT INTO "schema_migrations" ("version") VALUES (?)  [["version", "20231227133045"]]
  [1m[36m (8.5ms)[0m  [1mcommit transaction[0m
  [1m[35mActiveRecord::SchemaMigration Load (0.0ms)[0m  SELECT "schema_migrations".* FROM "schema_migrations"
  [1m[36mMovie Load (0.1ms)[0m  [1mSELECT  "movies".* FROM "movies"  ORDER BY "movies"."id" ASC LIMIT 1[0m


Started GET "/movies" for 127.0.0.1 at 2023-12-27 08:43:22 -0500
Processing by MoviesController#index as HTML
  [1m[36mMovie Load (1.3ms)[0m  [1mSELECT "movies".* FROM "movies"[0m
  Rendered movies/index.html.erb within layouts/application (16.0ms)
  Rendered layouts/_flash.erb (0.4ms)
Completed 200 OK in 597ms (Views: 521.1ms | ActiveRecord: 1.5ms)


Started GET "/assets/jquery_ujs.self-e87806d0cf4489aeb1bb7288016024e8de67fd18db693fe026fe3907581e53cd.js?body=1" for 127.0.0.1 at 2023-12-27 08:43:24 -0500


Started GET "/assets/application.self-377610cd7c1509e934744c810e3b4cf672dfbcacac3274e7d039827e2ae0fcc7.js?body=1" for 127.0.0.1 at 2023-12-27 08:43:24 -0500


Started GET "/movies" for 127.0.0.1 at 2023-12-27 08:44:46 -0500
Processing by MoviesController#index as HTML
  [1m[35mMovie Load (0.3ms)[0m  SELECT "movies".* FROM "movies"
  Rendered movies/index.html.erb within layouts/application (3.9ms)
  Rendered layouts/_flash.erb (0.1ms)
Completed 200 OK in 46ms (Views: 45.6ms | ActiveRecord: 0.3ms)
  [1m[36m (6.4ms)[0m  [1mCREATE TABLE "movies" ("id" INTEGER PRIMARY KEY AUTOINCREMENT NOT NULL, "title" varchar, "rating" varchar, "description" text, "release_date" datetime, "created_at" datetime, "updated_at" datetime, "director" varchar) [0m
  [1m[35m (7.3ms)[0m  CREATE TABLE "schema_migrations" ("version" varchar NOT NULL) 
  [1m[36m (0.2ms)[0m  [1mselect sqlite_version(*)[0m
  [1m[35m (8.5ms)[0m  CREATE UNIQUE INDEX "unique_schema_migrations" ON "schema_migrations" ("version")
  [1m[36m (0.1ms)[0m  [1mSELECT version FROM "schema_migrations"[0m
  [1m[35m (10.1ms)[0m  INSERT INTO "schema_migrations" (version) VALUES ('20231227133045')
  [1m[36m (7.3ms)[0m  [1mINSERT INTO "schema_migrations" (version) VALUES ('20111119180638')[0m
